<?xml version="1.0" encoding="UTF-8"?>
<!-- Generated by org.testng.reporters.JUnitXMLReporter -->
<testsuite ignored="0" hostname="MAVBCP3521" failures="0" tests="5" name="Login Test" time="0.197" errors="0" timestamp="2021-10-14T11:00:28 IST">
  <testcase classname="com.maven.DriveACar" name="StartTheCar" time="0.019"/>
  <testcase classname="com.maven.DriveACar" name="PutFirstGear" time="0.014"/>
  <testcase classname="com.maven.DriveACar" name="PutSecondGear" time="0.013"/>
  <testcase classname="com.maven.DriveACar" name="PutThirdGear" time="0.01"/>
  <testcase classname="com.maven.DriveACar" name="PutFourthGear" time="0.002"/>
</testsuite> <!-- Login Test -->
