<?xml version="1.0" encoding="UTF-8"?>
<testng-results skipped="0" failed="0" ignored="0" total="1" passed="1">
  <reporter-output>
  </reporter-output>
  <suite name="sample test suite" duration-ms="36135" started-at="2021-10-14T11:31:19 IST" finished-at="2021-10-14T11:31:55 IST">
    <groups>
    </groups>
    <test name="Login Test" duration-ms="36135" started-at="2021-10-14T11:31:19 IST" finished-at="2021-10-14T11:31:55 IST">
      <class name="com.maven.DriveACar">
        <test-method status="PASS" signature="Loginbase()[pri:0, instance:com.maven.DriveACar@e04ccf8]" name="Loginbase" is-config="true" duration-ms="10685" started-at="2021-10-14T11:31:19 IST" finished-at="2021-10-14T11:31:30 IST">
          <reporter-output>
          </reporter-output>
        </test-method> <!-- Loginbase -->
        <test-method status="PASS" signature="ValidLogin()[pri:0, instance:com.maven.DriveACar@e04ccf8]" name="ValidLogin" duration-ms="24279" started-at="2021-10-14T11:31:30 IST" finished-at="2021-10-14T11:31:54 IST">
          <reporter-output>
          </reporter-output>
        </test-method> <!-- ValidLogin -->
        <test-method status="PASS" signature="Closewindow()[pri:0, instance:com.maven.DriveACar@e04ccf8]" name="Closewindow" is-config="true" duration-ms="1089" started-at="2021-10-14T11:31:54 IST" finished-at="2021-10-14T11:31:55 IST">
          <reporter-output>
          </reporter-output>
        </test-method> <!-- Closewindow -->
      </class> <!-- com.maven.DriveACar -->
    </test> <!-- Login Test -->
  </suite> <!-- sample test suite -->
</testng-results>
