<?xml version="1.0" encoding="UTF-8"?>
<testng-results ignored="0" total="5" passed="5" failed="0" skipped="0">
  <reporter-output>
  </reporter-output>
  <suite started-at="2021-10-14T11:00:28 IST" name="sample test suite" finished-at="2021-10-14T11:00:28 IST" duration-ms="197">
    <groups>
    </groups>
    <test started-at="2021-10-14T11:00:28 IST" name="Login Test" finished-at="2021-10-14T11:00:28 IST" duration-ms="197">
      <class name="com.maven.DriveACar">
        <test-method signature="StartTheCar()[pri:0, instance:com.maven.DriveACar@57af006c]" started-at="2021-10-14T11:00:28 IST" name="StartTheCar" finished-at="2021-10-14T11:00:28 IST" duration-ms="19" status="PASS">
          <reporter-output>
          </reporter-output>
        </test-method> <!-- StartTheCar -->
        <test-method signature="PutFirstGear()[pri:1, instance:com.maven.DriveACar@57af006c]" started-at="2021-10-14T11:00:28 IST" name="PutFirstGear" finished-at="2021-10-14T11:00:28 IST" duration-ms="14" status="PASS">
          <reporter-output>
          </reporter-output>
        </test-method> <!-- PutFirstGear -->
        <test-method signature="PutSecondGear()[pri:2, instance:com.maven.DriveACar@57af006c]" started-at="2021-10-14T11:00:28 IST" name="PutSecondGear" finished-at="2021-10-14T11:00:28 IST" duration-ms="13" status="PASS">
          <reporter-output>
          </reporter-output>
        </test-method> <!-- PutSecondGear -->
        <test-method signature="PutThirdGear()[pri:3, instance:com.maven.DriveACar@57af006c]" started-at="2021-10-14T11:00:28 IST" name="PutThirdGear" finished-at="2021-10-14T11:00:28 IST" duration-ms="10" status="PASS">
          <reporter-output>
          </reporter-output>
        </test-method> <!-- PutThirdGear -->
        <test-method signature="PutFourthGear()[pri:4, instance:com.maven.DriveACar@57af006c]" started-at="2021-10-14T11:00:28 IST" name="PutFourthGear" finished-at="2021-10-14T11:00:28 IST" duration-ms="2" status="PASS">
          <reporter-output>
          </reporter-output>
        </test-method> <!-- PutFourthGear -->
      </class> <!-- com.maven.DriveACar -->
    </test> <!-- Login Test -->
  </suite> <!-- sample test suite -->
</testng-results>
